Starting enum4linux v0.9.1 ( http://labs.portcullis.co.uk/application/enum4linux/ ) on Sat Nov  5 18:22:35 2022

[34m =========================================( [0m[32mTarget Information[0m[34m )=========================================

[0mTarget ........... 10.10.170.152
RID Range ........ 500-550,1000-1050
Username ......... ''
Password ......... ''
Known Usernames .. administrator, guest, krbtgt, domain admins, root, bin, none


[34m ===========================( [0m[32mEnumerating Workgroup/Domain on 10.10.170.152[0m[34m )===========================

[0m[33m
[+] [0m[32mGot domain/workgroup name: WORKGROUP

[0m
[34m ===============================( [0m[32mNbtstat Information for 10.10.170.152[0m[34m )===============================

[0mLooking up status of 10.10.170.152
	BASIC2          <00> -         B <ACTIVE>  Workstation Service
	BASIC2          <03> -         B <ACTIVE>  Messenger Service
	BASIC2          <20> -         B <ACTIVE>  File Server Service
	..__MSBROWSE__. <01> - <GROUP> B <ACTIVE>  Master Browser
	WORKGROUP       <00> - <GROUP> B <ACTIVE>  Domain/Workgroup Name
	WORKGROUP       <1d> -         B <ACTIVE>  Master Browser
	WORKGROUP       <1e> - <GROUP> B <ACTIVE>  Browser Service Elections

	MAC Address = 00-00-00-00-00-00

[34m ===================================( [0m[32mSession Check on 10.10.170.152[0m[34m )===================================

[0m[33m
[+] [0m[32mServer 10.10.170.152 allows sessions using username '', password ''

[0m
[34m ================================( [0m[32mGetting domain SID for 10.10.170.152[0m[34m )================================

[0mCannot connect to server.  Error was NT_STATUS_NOT_FOUND
[33m
[+] [0m[32mCan't determine if host is part of domain or part of a workgroup

[0m
[34m ==================================( [0m[32mOS information on 10.10.170.152[0m[34m )==================================

[0m[33m
[E] [0m[31mCan't get OS info with smbclient

[0m[33m
[+] [0m[32mGot OS info for 10.10.170.152 from srvinfo: 
[0mCannot connect to server.  Error was NT_STATUS_NOT_FOUND


[34m =======================================( [0m[32mUsers on 10.10.170.152[0m[34m )=======================================

[0m

[34m =================================( [0m[32mShare Enumeration on 10.10.170.152[0m[34m )=================================

[0m
	Sharename       Type      Comment
	---------       ----      -------
	Anonymous       Disk      
	IPC$            IPC       IPC Service (Samba Server 4.3.11-Ubuntu)
Reconnecting with SMB1 for workgroup listing.

	Server               Comment
	---------            -------

	Workgroup            Master
	---------            -------
	WORKGROUP            BASIC2
[33m
[+] [0m[32mAttempting to map shares on 10.10.170.152

[0m//10.10.170.152/Anonymous	[35mMapping: [0mOK[35m Listing: [0mOK[35m Writing: [0mN/A
[33m
[E] [0m[31mCan't understand response:

[0mNT_STATUS_OBJECT_NAME_NOT_FOUND listing \*
//10.10.170.152/IPC$	[35mMapping: [0mN/A[35m Listing: [0mN/A[35m Writing: [0mN/A

[34m ===========================( [0m[32mPassword Policy Information for 10.10.170.152[0m[34m )===========================

[0m

[+] Attaching to 10.10.170.152 using a NULL share

[+] Trying protocol 139/SMB...

[+] Found domain(s):

	[+] BASIC2
	[+] Builtin

[+] Password Info for Domain: BASIC2

	[+] Minimum password length: 5
	[+] Password history length: None
	[+] Maximum password age: 37 days 6 hours 21 minutes 
	[+] Password Complexity Flags: 000000

		[+] Domain Refuse Password Change: 0
		[+] Domain Password Store Cleartext: 0
		[+] Domain Password Lockout Admins: 0
		[+] Domain Password No Clear Change: 0
		[+] Domain Password No Anon Change: 0
		[+] Domain Password Complex: 0

	[+] Minimum password age: None
	[+] Reset Account Lockout Counter: 30 minutes 
	[+] Locked Account Duration: 30 minutes 
	[+] Account Lockout Threshold: None
	[+] Forced Log off Time: 37 days 6 hours 21 minutes 


[33m
[+] [0m[32mRetieved partial password policy with rpcclient:


[0m

[34m ======================================( [0m[32mGroups on 10.10.170.152[0m[34m )======================================

[0m[33m
[+] [0m[32mGetting builtin groups:

[0m[33m
[+] [0m[32m Getting builtin group memberships:

[0m[33m
[+] [0m[32m Getting local groups:

[0m[33m
[+] [0m[32m Getting local group memberships:

[0m[33m
[+] [0m[32m Getting domain groups:

[0m[33m
[+] [0m[32m Getting domain group memberships:

[0m
[34m ==================( [0m[32mUsers on 10.10.170.152 via RID cycling (RIDS: 500-550,1000-1050)[0m[34m )==================

[0m
[34m ===============================( [0m[32mGetting printer info for 10.10.170.152[0m[34m )===============================

[0mCannot connect to server.  Error was NT_STATUS_NOT_FOUND


enum4linux complete on Sat Nov  5 18:22:58 2022

